MPASM  5.51                     INTERRUPT.ASM   5-22-2026  20:53:39         PAGE  1


LOC  OBJECT CODE     LINE SOURCE TEXT
  VALUE

                      00001 ;******************************************************************************
                      00002 ;Software License Agreement                                         
                      00003 ;                                                                    
                      00004 ;The software supplied herewith by Microchip Technology             
                      00005 ;Incorporated (the "Company") is intended and supplied to you, the  
                      00006 ;Company’s customer, for use solely and exclusively on Microchip    
                      00007 ;products. The software is owned by the Company and/or its supplier,
                      00008 ;and is protected under applicable copyright laws. All rights are   
                      00009 ;reserved. Any use in violation of the foregoing restrictions may   
                      00010 ;subject the user to criminal sanctions under applicable laws, as   
                      00011 ;well as to civil liability for the breach of the terms and         
                      00012 ;conditions of this license.                                        
                      00013 ;                                                                    
                      00014 ;THIS SOFTWARE IS PROVIDED IN AN "AS IS" CONDITION. NO WARRANTIES,  
                      00015 ;WHETHER EXPRESS, IMPLIED OR STATUTORY, INCLUDING, BUT NOT LIMITED  
                      00016 ;TO, IMPLIED WARRANTIES OF MERCHANTABILITY AND FITNESS FOR A       
                      00017 ;PARTICULAR PURPOSE APPLY TO THIS SOFTWARE. THE COMPANY SHALL NOT,  
                      00018 ;IN ANY CIRCUMSTANCES, BE LIABLE FOR SPECIAL, INCIDENTAL OR         
                      00019 ;CONSEQUENTIAL DAMAGES, FOR ANY REASON WHATSOEVER.       
                      00020 ; *******************************************************************
                      00021 ; PICkit 2 Lesson 10 - Interrupts
                      00022 ;
                      00023 ; This shows how to configure and use the Timer 0 interrupt to 
                      00024 ; trigger reading the A2D every 
                      00025 ;
                      00026 ; *******************************************************************
                      00027 ; * See Low Pin Count Demo Board User's Guide for Lesson Information*
                      00028 ; *******************************************************************
                      00029 ; * NOTE: The PIC16F690 requires the AC162061 header for debugging  *
                      00030 ; *******************************************************************
                      00031 
                      00032 #include <p16F690.inc>
                      00001         LIST
                      00002 
                      00003 ;==========================================================================
                      00004 ;  MPASM PIC16F690 processor include
                      00005 ; 
                      00006 ;  (c) Copyright 1999-2013 Microchip Technology, All rights reserved
                      00007 ;==========================================================================
                      00008 
                      00756         LIST
2007   30D4           00033      __config (_INTRC_OSC_NOCLKOUT & _WDT_OFF & _PWRTE_OFF & _MCLRE_OFF & _CP_OFF & _BOR_OFF & _IESO_OFF
                             & _FCMEN_OFF)
                      00034 
                      00035      cblock     0x20
  00000020            00036 Delay1               ; Assign an address to label Delay1
  00000021            00037 Delay2     
  00000022            00038 Display                ; define a variable to hold the diplay
  00000023            00039 Direction 
  00000024            00040 LookingFor
  00000025            00041 T0Semaphore
                      00042      endc
                      00043      
MPASM  5.51                     INTERRUPT.ASM   5-22-2026  20:53:39         PAGE  2


LOC  OBJECT CODE     LINE SOURCE TEXT
  VALUE

                      00044 ; Flag Definitions
                      00045 
                      00046      cblock 0x70     ; put these up in unbanked RAM
  00000070            00047 W_Save
  00000071            00048 STATUS_Save
                      00049      endc
                      00050      
                      00051      org 0
0000   2???           00052      goto      Start
0001   0000           00053      nop
0002   0000           00054      nop
0003   0000           00055      nop
0004                  00056 ISR:
0004   00F0           00057      movwf     W_Save
0005   0803           00058      movf      STATUS,w
0006   00F1           00059      movwf     STATUS_Save
                      00060      
                      00061 ;     btfsc     PIR1,T1IF     ; Uncomment if you needed to check Timer 1
                      00062 ;     goto      ServiceTimer1
0007   190B           00063      btfsc     INTCON,T0IF
0008   2???           00064      goto      ServiceTimer0
                      00065 ;     btfsc     PIC1,ADIF     ; Uncomment if you need to check the ADC
                      00066 ;     goto      ServiceADC
0009   2???           00067      goto      ExitISR          
                      00068      
000A                  00069 ServiceTimer0:
000A   110B           00070      bcf       INTCON,T0IF     ; clear the interrupt flag. (must be done in software)
000B   1425           00071      bsf       T0Semaphore,0     ; signal the main routine that the Timer has expired
000C   149F           00072      bsf       ADCON0,GO     ; start conversion
000D   1C9F           00073      btfss     ADCON0,GO     ; this bit will change to zero when the conversion is complete
000E   2???           00074      goto      $-1
000F   091E           00075      comf      ADRESH,w     ; Form the 1's complement of ADresult
0010   0081           00076      movwf     TMR0          ; Also clears the prescaler
0011   2???           00077      goto      ExitISR
                      00078                
0012                  00079 ExitISR:
0012   0871           00080      movf      STATUS_Save,w
0013   0083           00081      movwf     STATUS
0014   0EF0           00082      swapf     W_Save,f
0015   0E70           00083      swapf     W_Save,w
0016   0009           00084      retfie
                      00085      
                      00086      
0017                  00087 Start:
0017   1683           00088      bsf       STATUS,RP0     ; select Register Page 1
0018   30FF           00089      movlw     0xFF
Message[302]: Register in operand not in bank 0.  Ensure that bank bits are correct.
0019   0085           00090      movwf     TRISA          ; Make PortA all input
Message[302]: Register in operand not in bank 0.  Ensure that bank bits are correct.
001A   0187           00091      clrf      TRISC          ; Make PortC all output
                      00092 
001B   3010           00093      movlw     0x10           ; A2D Clock Fosc/8
Message[302]: Register in operand not in bank 0.  Ensure that bank bits are correct.
MPASM  5.51                     INTERRUPT.ASM   5-22-2026  20:53:39         PAGE  3


LOC  OBJECT CODE     LINE SOURCE TEXT
  VALUE

001C   009F           00094      movwf     ADCON1
                      00095 
001D   3087           00096      movlw     B'10000111'    ; configure Prescaler on Timer0, max prescale (/256)
Message[302]: Register in operand not in bank 0.  Ensure that bank bits are correct.
001E   0081           00097      movwf     OPTION_REG     ; configure
                      00098 ;     bcf       STATUS,RP0     ; back to Register Page 0
                      00099 
001F   1283           00100      bcf       STATUS,RP0     ; address Register Page 2
0020   1703           00101      bsf       STATUS,RP1     
0021   30F7           00102      movlw     0xF7           ; we want all Port A pins Analog, except RA3
Message[302]: Register in operand not in bank 0.  Ensure that bank bits are correct.
0022   009E           00103      movwf     ANSEL
0023   1283           00104      bcf       STATUS,RP0     ; address Register Page 0
0024   1303           00105      bcf       STATUS,RP1
                      00106      
0025   3001           00107      movlw     0x01
0026   009F           00108      movwf     ADCON0         ; configure A2D for Channel 0 (RA0), Left justified, and turn on the A2D m
                            odule
0027   3008           00109      movlw     0x08
0028   00A2           00110      movwf     Display
0029   01A3           00111      clrf      Direction
002A   01A4           00112      clrf      LookingFor     ; Looking for a 0 on the button
                      00113      
                      00114      
002B   30A0           00115      movlw     B'10100000'    ; enable Timer 0 and global interrupts
002C   008B           00116      movwf     INTCON
002D                  00117 MainLoop:
002D   1C25           00118      btfss     T0Semaphore,0  ; did the Timer0 overflow?
002E   2???           00119      goto      CheckButton    ; no - go monitor the button
002F   1025           00120      bcf       T0Semaphore,0  ; clear the flag     
0030   0822           00121      movf      Display,w      ; Copy the display to the LEDs
0031   0087           00122      movwf     PORTC
                      00123      
0032                  00124 Rotate:
0032   1003           00125      bcf       STATUS,C       ; ensure the carry bit is clear
0033   1C23           00126      btfss     Direction,0
0034   2???           00127      goto      RotateLeft
0035                  00128 RotateRight:
0035   0CA2           00129      rrf       Display,f
0036   1803           00130      btfsc     STATUS,C       ; Did the bit rotate into the carry?
0037   15A2           00131      bsf       Display,3      ; yes, put it into bit 3.
                      00132 
0038   2???           00133      goto      CheckButton
0039                  00134 RotateLeft:
0039   0DA2           00135      rlf       Display,f      ; rotate in place
003A   1A22           00136      btfsc     Display,4      ; did it rotate out of the display
003B   1422           00137      bsf       Display,0      ; yes, put it into bit 0
                      00138 
003C                  00139 CheckButton:
003C   1824           00140      btfsc     LookingFor,0   ; which direction are we looking for
003D   2???           00141      goto      LookingFor1
003E                  00142 LookingFor0:
003E   1985           00143      btfsc     PORTA,3        ; is the switch pressed (0)
MPASM  5.51                     INTERRUPT.ASM   5-22-2026  20:53:39         PAGE  4


LOC  OBJECT CODE     LINE SOURCE TEXT
  VALUE

003F   2???           00144      goto      EndMainLoop
0040   1424           00145      bsf       LookingFor,0   ; yes  Next we'll be looking for a 1
0041   30FF           00146      movlw     0xFF           ; load the W register incase we need it
0042   06A3           00147      xorwf     Direction,f    ; yes, flip the direction bit
0043   2???           00148      goto      EndMainLoop
                      00149 
0044                  00150 LookingFor1:
0044   1985           00151      btfsc     PORTA,3        ; is the switch pressed (0)
0045   1024           00152      bcf       LookingFor,0
                      00153 
0046                  00154 EndMainLoop:
0046   300D           00155      movlw     .13
0047   2???           00156      call      Delay          ; delay ~10mS (13 * 775uS)
0048   2???           00157      goto      MainLoop
                      00158 
                      00159 ; Delay Subroutine.  Enter delays Wreg * 771uS + 5 uS including call and return
0049                  00160 Delay:
0049   00A1           00161      movwf     Delay2         ;
004A                  00162 DelayLoop:
004A   0BA0           00163      decfsz    Delay1,f       ; Waste time.  
004B   2???           00164      goto      DelayLoop      ; The Inner loop takes 3 instructions per loop * 256 loopss = 768 instruct
                            ions
004C   0BA1           00165      decfsz    Delay2,f       ; The outer loop takes and additional 3 instructions per lap * 256 loops
004D   2???           00166      goto      DelayLoop      ; (768+3) * 256 = 197376 instructions / 1M instructions per second = 0.197
                             sec.
                      00167                               ; call it a two-tenths of a second.
004E   0008           00168      return
                      00169      
30D4                  00170      end
MPASM  5.51                     INTERRUPT.ASM   5-22-2026  20:53:39         PAGE  5


SYMBOL TABLE
  LABEL                             VALUE 

ABDEN                             00000000
ABDOVF                            00000007
ADCON0                            0000001F
ADCON1                            0000009F
ADCS0                             00000004
ADCS1                             00000005
ADCS2                             00000006
ADDEN                             00000003
ADFM                              00000007
ADIE                              00000006
ADIF                              00000006
ADON                              00000000
ADRESH                            0000001E
ADRESL                            0000009E
ANS0                              00000000
ANS1                              00000001
ANS10                             00000002
ANS11                             00000003
ANS2                              00000002
ANS3                              00000003
ANS4                              00000004
ANS5                              00000005
ANS6                              00000006
ANS7                              00000007
ANS8                              00000000
ANS9                              00000001
ANSEL                             0000011E
ANSELH                            0000011F
BAUDCTL                           0000009B
BF                                00000000
BRG0                              00000000
BRG1                              00000001
BRG10                             00000002
BRG11                             00000003
BRG12                             00000004
BRG13                             00000005
BRG14                             00000006
BRG15                             00000007
BRG16                             00000003
BRG2                              00000002
BRG3                              00000003
BRG4                              00000004
BRG5                              00000005
BRG6                              00000006
BRG7                              00000007
BRG8                              00000000
BRG9                              00000001
BRGH                              00000002
C                                 00000000
C1CH0                             00000000
C1CH1                             00000001
C1IE                              00000005
C1IF                              00000005
MPASM  5.51                     INTERRUPT.ASM   5-22-2026  20:53:39         PAGE  6


SYMBOL TABLE
  LABEL                             VALUE 

C1OE                              00000005
C1ON                              00000007
C1OUT                             00000006
C1POL                             00000004
C1R                               00000002
C1SEN                             00000005
C1VREN                            00000007
C2CH0                             00000000
C2CH1                             00000001
C2IE                              00000006
C2IF                              00000006
C2OE                              00000005
C2ON                              00000007
C2OUT                             00000006
C2POL                             00000004
C2R                               00000002
C2REN                             00000004
C2SYNC                            00000000
C2VREN                            00000006
CCP1CON                           00000017
CCP1IE                            00000002
CCP1IF                            00000002
CCP1M0                            00000000
CCP1M1                            00000001
CCP1M2                            00000002
CCP1M3                            00000003
CCPR                              00000015
CCPR1H                            00000016
CCPR1L                            00000015
CHS0                              00000002
CHS1                              00000003
CHS2                              00000004
CHS3                              00000005
CKE                               00000006
CKP                               00000004
CM1CON0                           00000119
CM2CON0                           0000011A
CM2CON1                           0000011B
CREN                              00000004
CSRC                              00000007
CheckButton                       0000003C
D                                 00000005
DATA_ADDRESS                      00000005
DC                                00000001
DC1B0                             00000004
DC1B1                             00000005
D_A                               00000005
D_NOT_A                           00000005
Delay                             00000049
Delay1                            00000020
Delay2                            00000021
DelayLoop                         0000004A
Direction                         00000023
MPASM  5.51                     INTERRUPT.ASM   5-22-2026  20:53:39         PAGE  7


SYMBOL TABLE
  LABEL                             VALUE 

Display                           00000022
ECCPAS                            0000001D
ECCPAS0                           00000004
ECCPAS1                           00000005
ECCPAS2                           00000006
ECCPASE                           00000007
EEADR                             0000010D
EEADRH                            0000010F
EECON1                            0000018C
EECON2                            0000018D
EEDAT                             0000010C
EEDATA                            0000010C
EEDATH                            0000010E
EEIE                              00000004
EEIF                              00000004
EEPGD                             00000007
EndMainLoop                       00000046
ExitISR                           00000012
F                                 00000001
FERR                              00000002
FSR                               00000004
GIE                               00000007
GO                                00000001
GO_DONE                           00000001
GO_NOT_DONE                       00000001
HTS                               00000002
I2C_DATA                          00000005
I2C_READ                          00000002
I2C_START                         00000003
I2C_STOP                          00000004
INDF                              00000000
INTCON                            0000000B
INTE                              00000004
INTEDG                            00000006
INTF                              00000001
IOC                               00000096
IOC0                              00000000
IOC1                              00000001
IOC2                              00000002
IOC3                              00000003
IOC4                              00000004
IOC5                              00000005
IOCA                              00000096
IOCA0                             00000000
IOCA1                             00000001
IOCA2                             00000002
IOCA3                             00000003
IOCA4                             00000004
IOCA5                             00000005
IOCB                              00000116
IOCB4                             00000004
IOCB5                             00000005
IOCB6                             00000006
MPASM  5.51                     INTERRUPT.ASM   5-22-2026  20:53:39         PAGE  8


SYMBOL TABLE
  LABEL                             VALUE 

IOCB7                             00000007
IRCF0                             00000004
IRCF1                             00000005
IRCF2                             00000006
IRP                               00000007
ISR                               00000004
LTS                               00000001
LookingFor                        00000024
LookingFor0                       0000003E
LookingFor1                       00000044
MC1OUT                            00000007
MC2OUT                            00000006
MSK                               00000093
MSK0                              00000000
MSK1                              00000001
MSK2                              00000002
MSK3                              00000003
MSK4                              00000004
MSK5                              00000005
MSK6                              00000006
MSK7                              00000007
MainLoop                          0000002D
NOT_A                             00000005
NOT_ADDRESS                       00000005
NOT_BOR                           00000000
NOT_DONE                          00000001
NOT_PD                            00000003
NOT_POR                           00000001
NOT_RABPU                         00000007
NOT_T1SYNC                        00000002
NOT_TO                            00000004
NOT_W                             00000002
NOT_WRITE                         00000002
OERR                              00000001
OPTION_REG                        00000081
OSCCON                            0000008F
OSCTUNE                           00000090
OSFIE                             00000007
OSFIF                             00000007
OSTS                              00000003
P                                 00000004
P1M0                              00000006
P1M1                              00000007
PCL                               00000002
PCLATH                            0000000A
PCON                              0000008E
PDC0                              00000000
PDC1                              00000001
PDC2                              00000002
PDC3                              00000003
PDC4                              00000004
PDC5                              00000005
PDC6                              00000006
MPASM  5.51                     INTERRUPT.ASM   5-22-2026  20:53:39         PAGE  9


SYMBOL TABLE
  LABEL                             VALUE 

PEIE                              00000006
PIE1                              0000008C
PIE2                              0000008D
PIR1                              0000000C
PIR2                              0000000D
PORTA                             00000005
PORTB                             00000006
PORTC                             00000007
PR2                               00000092
PRSEN                             00000007
PS0                               00000000
PS1                               00000001
PS2                               00000002
PSA                               00000003
PSSAC0                            00000002
PSSAC1                            00000003
PSSBD0                            00000000
PSSBD1                            00000001
PSTRCON                           0000019D
PULSR                             00000002
PULSS                             00000003
PWM1CON                           0000001C
R                                 00000002
RA0                               00000000
RA1                               00000001
RA2                               00000002
RA3                               00000003
RA4                               00000004
RA5                               00000005
RABIE                             00000003
RABIF                             00000000
RB4                               00000004
RB5                               00000005
RB6                               00000006
RB7                               00000007
RC0                               00000000
RC1                               00000001
RC2                               00000002
RC3                               00000003
RC4                               00000004
RC5                               00000005
RC6                               00000006
RC7                               00000007
RCIDL                             00000006
RCIE                              00000005
RCIF                              00000005
RCREG                             0000001A
RCSTA                             00000018
RD                                00000000
READ_WRITE                        00000002
RP0                               00000005
RP1                               00000006
RX9                               00000006
MPASM  5.51                     INTERRUPT.ASM   5-22-2026  20:53:39         PAGE 10


SYMBOL TABLE
  LABEL                             VALUE 

RX9D                              00000000
R_NOT_W                           00000002
R_W                               00000002
Rotate                            00000032
RotateLeft                        00000039
RotateRight                       00000035
S                                 00000003
SBOREN                            00000004
SCKP                              00000004
SCS                               00000000
SENB                              00000003
SENDB                             00000003
SMP                               00000007
SPBRG                             00000099
SPBRGH                            0000009A
SPEN                              00000007
SR0                               00000006
SR1                               00000007
SRCON                             0000019E
SREN                              00000005
SSPADD                            00000093
SSPBUF                            00000013
SSPCON                            00000014
SSPEN                             00000005
SSPIE                             00000003
SSPIF                             00000003
SSPM0                             00000000
SSPM1                             00000001
SSPM2                             00000002
SSPM3                             00000003
SSPMSK                            00000093
SSPOV                             00000006
SSPSTAT                           00000094
STATUS                            00000003
STATUS_Save                       00000071
STRA                              00000000
STRB                              00000001
STRC                              00000002
STRD                              00000003
STRSYNC                           00000004
SWDTEN                            00000000
SYNC                              00000004
ServiceTimer0                     0000000A
Start                             00000017
T0CS                              00000005
T0IE                              00000005
T0IF                              00000002
T0SE                              00000004
T0Semaphore                       00000025
T1CKPS0                           00000004
T1CKPS1                           00000005
T1CON                             00000010
T1GINV                            00000007
MPASM  5.51                     INTERRUPT.ASM   5-22-2026  20:53:39         PAGE 11


SYMBOL TABLE
  LABEL                             VALUE 

T1GSS                             00000001
T1IE                              00000000
T1IF                              00000000
T1OSCEN                           00000003
T2CKPS0                           00000000
T2CKPS1                           00000001
T2CON                             00000012
T2IE                              00000001
T2IF                              00000001
TMR0                              00000001
TMR1                              0000000E
TMR1CS                            00000001
TMR1GE                            00000006
TMR1H                             0000000F
TMR1IE                            00000000
TMR1IF                            00000000
TMR1L                             0000000E
TMR1ON                            00000000
TMR2                              00000011
TMR2IE                            00000001
TMR2IF                            00000001
TMR2ON                            00000002
TOUTPS0                           00000003
TOUTPS1                           00000004
TOUTPS2                           00000005
TOUTPS3                           00000006
TRISA                             00000085
TRISA0                            00000000
TRISA1                            00000001
TRISA2                            00000002
TRISA3                            00000003
TRISA4                            00000004
TRISA5                            00000005
TRISB                             00000086
TRISB4                            00000004
TRISB5                            00000005
TRISB6                            00000006
TRISB7                            00000007
TRISC                             00000087
TRISC0                            00000000
TRISC1                            00000001
TRISC2                            00000002
TRISC3                            00000003
TRISC4                            00000004
TRISC5                            00000005
TRISC6                            00000006
TRISC7                            00000007
TRMT                              00000001
TUN0                              00000000
TUN1                              00000001
TUN2                              00000002
TUN3                              00000003
TUN4                              00000004
MPASM  5.51                     INTERRUPT.ASM   5-22-2026  20:53:39         PAGE 12


SYMBOL TABLE
  LABEL                             VALUE 

TX9                               00000006
TX9D                              00000000
TXEN                              00000005
TXIE                              00000004
TXIF                              00000004
TXREG                             00000019
TXSTA                             00000098
UA                                00000001
ULPWUE                            00000005
VCFG                              00000006
VP6EN                             00000004
VR0                               00000000
VR1                               00000001
VR2                               00000002
VR3                               00000003
VRCON                             00000118
VRR                               00000005
W                                 00000000
WCOL                              00000007
WDTCON                            00000097
WDTPS0                            00000001
WDTPS1                            00000002
WDTPS2                            00000003
WDTPS3                            00000004
WPU                               00000095
WPU0                              00000000
WPU1                              00000001
WPU2                              00000002
WPU4                              00000004
WPU5                              00000005
WPUA                              00000095
WPUA0                             00000000
WPUA1                             00000001
WPUA2                             00000002
WPUA4                             00000004
WPUA5                             00000005
WPUB                              00000115
WPUB4                             00000004
WPUB5                             00000005
WPUB6                             00000006
WPUB7                             00000007
WR                                00000001
WREN                              00000002
WRERR                             00000003
WUE                               00000001
W_Save                            00000070
Z                                 00000002
_.org_0_000E                      0000000E
_BOD_NSLEEP                       00003EFF
_BOD_OFF                          00003CFF
_BOD_ON                           00003FFF
_BOD_SBODEN                       00003DFF
_BOREN_NSLEEP                     00003EFF
MPASM  5.51                     INTERRUPT.ASM   5-22-2026  20:53:39         PAGE 13


SYMBOL TABLE
  LABEL                             VALUE 

_BOREN_OFF                        00003CFF
_BOREN_ON                         00003FFF
_BOREN_SBODEN                     00003DFF
_BOR_NSLEEP                       00003EFF
_BOR_OFF                          00003CFF
_BOR_ON                           00003FFF
_BOR_SBODEN                       00003DFF
_CONFIG                           00002007
_CPD_OFF                          00003FFF
_CPD_ON                           00003F7F
_CP_OFF                           00003FFF
_CP_ON                            00003FBF
_DEVID1                           00002006
_EC_OSC                           00003FFB
_EXTRC                            00003FFF
_EXTRCIO                          00003FFE
_EXTRC_OSC_CLKOUT                 00003FFF
_EXTRC_OSC_NOCLKOUT               00003FFE
_FCMEN_OFF                        000037FF
_FCMEN_ON                         00003FFF
_FOSC_EC                          00003FFB
_FOSC_EXTRCCLK                    00003FFF
_FOSC_EXTRCIO                     00003FFE
_FOSC_HS                          00003FFA
_FOSC_INTRCCLK                    00003FFD
_FOSC_INTRCIO                     00003FFC
_FOSC_LP                          00003FF8
_FOSC_XT                          00003FF9
_HS_OSC                           00003FFA
_IDLOC0                           00002000
_IDLOC1                           00002001
_IDLOC2                           00002002
_IDLOC3                           00002003
_IESO_OFF                         00003BFF
_IESO_ON                          00003FFF
_INTOSC                           00003FFD
_INTOSCIO                         00003FFC
_INTRC_OSC_CLKOUT                 00003FFD
_INTRC_OSC_NOCLKOUT               00003FFC
_LP_OSC                           00003FF8
_MCLRE_OFF                        00003FDF
_MCLRE_ON                         00003FFF
_PWRTE_OFF                        00003FFF
_PWRTE_ON                         00003FEF
_WDTE_OFF                         00003FF7
_WDTE_ON                          00003FFF
_WDT_OFF                          00003FF7
_WDT_ON                           00003FFF
_XT_OSC                           00003FF9
__16F690                          00000001

MPASM  5.51                     INTERRUPT.ASM   5-22-2026  20:53:39         PAGE 14





Errors   :     0
Warnings :     0 reported,     0 suppressed
Messages :     5 reported,     0 suppressed

